0:0:0:0:0:0:0:1 - - [07/Jan/2018:13:50:22 +0800] "GET /login.jsp HTTP/1.1" 200 2154 "-" "Mozilla/5.0 (Windows NT 10.0; Win64; x64) AppleWebKit/537.36 (KHTML, like Gecko) Chrome/63.0.3239.132 Safari/537.36"
0:0:0:0:0:0:0:1 - - [07/Jan/2018:13:50:23 +0800] "GET /static/css/plugins/buttons/screen.css;jsessionid=BE4D11F06A295BE756F4E2BD6D3CFFEF HTTP/1.1" 200 2004 "https://localhost:9002/login.jsp" "Mozilla/5.0 (Windows NT 10.0; Win64; x64) AppleWebKit/537.36 (KHTML, like Gecko) Chrome/63.0.3239.132 Safari/537.36"
0:0:0:0:0:0:0:1 - - [07/Jan/2018:13:50:23 +0800] "GET /static/css/plugins/fancy-type/screen.css;jsessionid=BE4D11F06A295BE756F4E2BD6D3CFFEF HTTP/1.1" 200 2351 "https://localhost:9002/login.jsp" "Mozilla/5.0 (Windows NT 10.0; Win64; x64) AppleWebKit/537.36 (KHTML, like Gecko) Chrome/63.0.3239.132 Safari/537.36"
0:0:0:0:0:0:0:1 - - [07/Jan/2018:13:50:23 +0800] "GET /static/css/style.css;jsessionid=BE4D11F06A295BE756F4E2BD6D3CFFEF HTTP/1.1" 200 23829 "https://localhost:9002/login.jsp" "Mozilla/5.0 (Windows NT 10.0; Win64; x64) AppleWebKit/537.36 (KHTML, like Gecko) Chrome/63.0.3239.132 Safari/537.36"
0:0:0:0:0:0:0:1 - - [07/Jan/2018:13:50:23 +0800] "GET /static/css/blueprint.css;jsessionid=BE4D11F06A295BE756F4E2BD6D3CFFEF HTTP/1.1" 200 12214 "https://localhost:9002/login.jsp" "Mozilla/5.0 (Windows NT 10.0; Win64; x64) AppleWebKit/537.36 (KHTML, like Gecko) Chrome/63.0.3239.132 Safari/537.36"
0:0:0:0:0:0:0:1 - - [07/Jan/2018:13:50:23 +0800] "GET /static/js/jquery/jquery-1.6.2.min.js;jsessionid=BE4D11F06A295BE756F4E2BD6D3CFFEF HTTP/1.1" 200 91556 "https://localhost:9002/login.jsp" "Mozilla/5.0 (Windows NT 10.0; Win64; x64) AppleWebKit/537.36 (KHTML, like Gecko) Chrome/63.0.3239.132 Safari/537.36"
0:0:0:0:0:0:0:1 - - [07/Jan/2018:13:50:23 +0800] "GET /static/img/login-hac.png HTTP/1.1" 200 15179 "https://localhost:9002/static/css/style.css;jsessionid=BE4D11F06A295BE756F4E2BD6D3CFFEF" "Mozilla/5.0 (Windows NT 10.0; Win64; x64) AppleWebKit/537.36 (KHTML, like Gecko) Chrome/63.0.3239.132 Safari/537.36"
0:0:0:0:0:0:0:1 - - [07/Jan/2018:13:50:23 +0800] "GET /static/fonts/roboto-fontfacekit/Roboto-Light-webfont.woff HTTP/1.1" 200 21880 "https://localhost:9002/static/css/style.css;jsessionid=BE4D11F06A295BE756F4E2BD6D3CFFEF" "Mozilla/5.0 (Windows NT 10.0; Win64; x64) AppleWebKit/537.36 (KHTML, like Gecko) Chrome/63.0.3239.132 Safari/537.36"
0:0:0:0:0:0:0:1 - - [07/Jan/2018:13:50:23 +0800] "GET /static/fonts/roboto-fontfacekit/Roboto-Regular-webfont.woff HTTP/1.1" 200 21764 "https://localhost:9002/static/css/style.css;jsessionid=BE4D11F06A295BE756F4E2BD6D3CFFEF" "Mozilla/5.0 (Windows NT 10.0; Win64; x64) AppleWebKit/537.36 (KHTML, like Gecko) Chrome/63.0.3239.132 Safari/537.36"
0:0:0:0:0:0:0:1 - - [07/Jan/2018:13:50:23 +0800] "GET /static/img/favicon.png;jsessionid=BE4D11F06A295BE756F4E2BD6D3CFFEF HTTP/1.1" 200 1191 "https://localhost:9002/login.jsp" "Mozilla/5.0 (Windows NT 10.0; Win64; x64) AppleWebKit/537.36 (KHTML, like Gecko) Chrome/63.0.3239.132 Safari/537.36"
0:0:0:0:0:0:0:1 - - [07/Jan/2018:13:50:23 +0800] "GET /static/img/favicon.png;jsessionid=BE4D11F06A295BE756F4E2BD6D3CFFEF HTTP/1.1" 200 1191 "https://localhost:9002/login.jsp" "Mozilla/5.0 (Windows NT 10.0; Win64; x64) AppleWebKit/537.36 (KHTML, like Gecko) Chrome/63.0.3239.132 Safari/537.36"
0:0:0:0:0:0:0:1 - - [07/Jan/2018:13:50:27 +0800] "POST /j_spring_security_check;jsessionid=BE4D11F06A295BE756F4E2BD6D3CFFEF HTTP/1.1" 302 - "https://localhost:9002/login.jsp" "Mozilla/5.0 (Windows NT 10.0; Win64; x64) AppleWebKit/537.36 (KHTML, like Gecko) Chrome/63.0.3239.132 Safari/537.36"
0:0:0:0:0:0:0:1 - - [07/Jan/2018:13:50:28 +0800] "GET / HTTP/1.1" 200 11709 "https://localhost:9002/login.jsp" "Mozilla/5.0 (Windows NT 10.0; Win64; x64) AppleWebKit/537.36 (KHTML, like Gecko) Chrome/63.0.3239.132 Safari/537.36"
0:0:0:0:0:0:0:1 - - [07/Jan/2018:13:50:28 +0800] "GET /static/css/blueprint.css HTTP/1.1" 200 12214 "https://localhost:9002/" "Mozilla/5.0 (Windows NT 10.0; Win64; x64) AppleWebKit/537.36 (KHTML, like Gecko) Chrome/63.0.3239.132 Safari/537.36"
0:0:0:0:0:0:0:1 - - [07/Jan/2018:13:50:28 +0800] "GET /static/css/plugins/buttons/screen.css HTTP/1.1" 200 2004 "https://localhost:9002/" "Mozilla/5.0 (Windows NT 10.0; Win64; x64) AppleWebKit/537.36 (KHTML, like Gecko) Chrome/63.0.3239.132 Safari/537.36"
0:0:0:0:0:0:0:1 - - [07/Jan/2018:13:50:28 +0800] "GET /static/css/plugins/fancy-type/screen.css HTTP/1.1" 200 2351 "https://localhost:9002/" "Mozilla/5.0 (Windows NT 10.0; Win64; x64) AppleWebKit/537.36 (KHTML, like Gecko) Chrome/63.0.3239.132 Safari/537.36"
0:0:0:0:0:0:0:1 - - [07/Jan/2018:13:50:28 +0800] "GET /static/js/ba-debug.min.js HTTP/1.1" 200 1202 "https://localhost:9002/" "Mozilla/5.0 (Windows NT 10.0; Win64; x64) AppleWebKit/537.36 (KHTML, like Gecko) Chrome/63.0.3239.132 Safari/537.36"
0:0:0:0:0:0:0:1 - - [07/Jan/2018:13:50:28 +0800] "GET /static/css/custom-theme/jquery-ui-1.8.12.custom.css HTTP/1.1" 200 34390 "https://localhost:9002/" "Mozilla/5.0 (Windows NT 10.0; Win64; x64) AppleWebKit/537.36 (KHTML, like Gecko) Chrome/63.0.3239.132 Safari/537.36"
0:0:0:0:0:0:0:1 - - [07/Jan/2018:13:50:28 +0800] "GET /static/css/style.css HTTP/1.1" 200 23829 "https://localhost:9002/" "Mozilla/5.0 (Windows NT 10.0; Win64; x64) AppleWebKit/537.36 (KHTML, like Gecko) Chrome/63.0.3239.132 Safari/537.36"
0:0:0:0:0:0:0:1 - - [07/Jan/2018:13:50:28 +0800] "GET /static/js/jquery/jquery-1.6.2.min.js HTTP/1.1" 200 91556 "https://localhost:9002/" "Mozilla/5.0 (Windows NT 10.0; Win64; x64) AppleWebKit/537.36 (KHTML, like Gecko) Chrome/63.0.3239.132 Safari/537.36"
0:0:0:0:0:0:0:1 - - [07/Jan/2018:13:50:28 +0800] "GET /static/css/home/index.css HTTP/1.1" 200 1619 "https://localhost:9002/" "Mozilla/5.0 (Windows NT 10.0; Win64; x64) AppleWebKit/537.36 (KHTML, like Gecko) Chrome/63.0.3239.132 Safari/537.36"
0:0:0:0:0:0:0:1 - - [07/Jan/2018:13:50:28 +0800] "GET /static/js/modernizr.custom.19066.js HTTP/1.1" 200 13745 "https://localhost:9002/" "Mozilla/5.0 (Windows NT 10.0; Win64; x64) AppleWebKit/537.36 (KHTML, like Gecko) Chrome/63.0.3239.132 Safari/537.36"
0:0:0:0:0:0:0:1 - - [07/Jan/2018:13:50:28 +0800] "GET /static/js/jquery-ui-1.8.12.custom.min.js HTTP/1.1" 200 208528 "https://localhost:9002/" "Mozilla/5.0 (Windows NT 10.0; Win64; x64) AppleWebKit/537.36 (KHTML, like Gecko) Chrome/63.0.3239.132 Safari/537.36"
0:0:0:0:0:0:0:1 - - [07/Jan/2018:13:50:28 +0800] "GET /static/js/global.js HTTP/1.1" 200 5461 "https://localhost:9002/" "Mozilla/5.0 (Windows NT 10.0; Win64; x64) AppleWebKit/537.36 (KHTML, like Gecko) Chrome/63.0.3239.132 Safari/537.36"
0:0:0:0:0:0:0:1 - - [07/Jan/2018:13:50:28 +0800] "GET /static/css/table.css HTTP/1.1" 200 9823 "https://localhost:9002/" "Mozilla/5.0 (Windows NT 10.0; Win64; x64) AppleWebKit/537.36 (KHTML, like Gecko) Chrome/63.0.3239.132 Safari/537.36"
0:0:0:0:0:0:0:1 - - [07/Jan/2018:13:50:28 +0800] "GET /static/js/jquery.cookie.js HTTP/1.1" 200 3713 "https://localhost:9002/" "Mozilla/5.0 (Windows NT 10.0; Win64; x64) AppleWebKit/537.36 (KHTML, like Gecko) Chrome/63.0.3239.132 Safari/537.36"
0:0:0:0:0:0:0:1 - - [07/Jan/2018:13:50:28 +0800] "GET /static/js/jquery.validate.min.js HTTP/1.1" 200 21078 "https://localhost:9002/" "Mozilla/5.0 (Windows NT 10.0; Win64; x64) AppleWebKit/537.36 (KHTML, like Gecko) Chrome/63.0.3239.132 Safari/537.36"
0:0:0:0:0:0:0:1 - - [07/Jan/2018:13:50:28 +0800] "GET /static/js/searchsuggest.js HTTP/1.1" 200 5419 "https://localhost:9002/" "Mozilla/5.0 (Windows NT 10.0; Win64; x64) AppleWebKit/537.36 (KHTML, like Gecko) Chrome/63.0.3239.132 Safari/537.36"
0:0:0:0:0:0:0:1 - - [07/Jan/2018:13:50:28 +0800] "GET /static/js/application.js HTTP/1.1" 200 3841 "https://localhost:9002/" "Mozilla/5.0 (Windows NT 10.0; Win64; x64) AppleWebKit/537.36 (KHTML, like Gecko) Chrome/63.0.3239.132 Safari/537.36"
0:0:0:0:0:0:0:1 - - [07/Jan/2018:13:50:28 +0800] "GET /static/js/history.js HTTP/1.1" 200 2368 "https://localhost:9002/" "Mozilla/5.0 (Windows NT 10.0; Win64; x64) AppleWebKit/537.36 (KHTML, like Gecko) Chrome/63.0.3239.132 Safari/537.36"
0:0:0:0:0:0:0:1 - - [07/Jan/2018:13:50:28 +0800] "GET /static/js/jquery.flot.selection.js HTTP/1.1" 200 12159 "https://localhost:9002/" "Mozilla/5.0 (Windows NT 10.0; Win64; x64) AppleWebKit/537.36 (KHTML, like Gecko) Chrome/63.0.3239.132 Safari/537.36"
0:0:0:0:0:0:0:1 - - [07/Jan/2018:13:50:28 +0800] "GET /static/js/jquery.flot.js HTTP/1.1" 200 110008 "https://localhost:9002/" "Mozilla/5.0 (Windows NT 10.0; Win64; x64) AppleWebKit/537.36 (KHTML, like Gecko) Chrome/63.0.3239.132 Safari/537.36"
0:0:0:0:0:0:0:1 - - [07/Jan/2018:13:50:28 +0800] "GET /static/js/jquery.dataTables.min.js HTTP/1.1" 200 66539 "https://localhost:9002/" "Mozilla/5.0 (Windows NT 10.0; Win64; x64) AppleWebKit/537.36 (KHTML, like Gecko) Chrome/63.0.3239.132 Safari/537.36"
0:0:0:0:0:0:0:1 - - [07/Jan/2018:13:50:28 +0800] "GET /static/js/home/chart.js HTTP/1.1" 200 4464 "https://localhost:9002/" "Mozilla/5.0 (Windows NT 10.0; Win64; x64) AppleWebKit/537.36 (KHTML, like Gecko) Chrome/63.0.3239.132 Safari/537.36"
0:0:0:0:0:0:0:1 - - [07/Jan/2018:13:50:28 +0800] "GET /static/js/home/index.js HTTP/1.1" 200 7969 "https://localhost:9002/" "Mozilla/5.0 (Windows NT 10.0; Win64; x64) AppleWebKit/537.36 (KHTML, like Gecko) Chrome/63.0.3239.132 Safari/537.36"
0:0:0:0:0:0:0:1 - - [07/Jan/2018:13:50:28 +0800] "GET /static/js/jquery.flot.tooltip.js HTTP/1.1" 200 8356 "https://localhost:9002/" "Mozilla/5.0 (Windows NT 10.0; Win64; x64) AppleWebKit/537.36 (KHTML, like Gecko) Chrome/63.0.3239.132 Safari/537.36"
0:0:0:0:0:0:0:1 - - [07/Jan/2018:13:50:28 +0800] "GET /static/js/jquery.flot.time.js HTTP/1.1" 200 11428 "https://localhost:9002/" "Mozilla/5.0 (Windows NT 10.0; Win64; x64) AppleWebKit/537.36 (KHTML, like Gecko) Chrome/63.0.3239.132 Safari/537.36"
0:0:0:0:0:0:0:1 - - [07/Jan/2018:13:50:28 +0800] "GET /static/img/logo.png HTTP/1.1" 200 6718 "https://localhost:9002/" "Mozilla/5.0 (Windows NT 10.0; Win64; x64) AppleWebKit/537.36 (KHTML, like Gecko) Chrome/63.0.3239.132 Safari/537.36"
0:0:0:0:0:0:0:1 - - [07/Jan/2018:13:50:28 +0800] "GET /static/img/bodyBG.gif HTTP/1.1" 200 1769 "https://localhost:9002/static/css/style.css" "Mozilla/5.0 (Windows NT 10.0; Win64; x64) AppleWebKit/537.36 (KHTML, like Gecko) Chrome/63.0.3239.132 Safari/537.36"
0:0:0:0:0:0:0:1 - - [07/Jan/2018:13:50:28 +0800] "GET /static/img/magnifier.png HTTP/1.1" 200 1413 "https://localhost:9002/static/css/style.css" "Mozilla/5.0 (Windows NT 10.0; Win64; x64) AppleWebKit/537.36 (KHTML, like Gecko) Chrome/63.0.3239.132 Safari/537.36"
0:0:0:0:0:0:0:1 - - [07/Jan/2018:13:50:28 +0800] "GET /static/img/button_back.gif HTTP/1.1" 200 209 "https://localhost:9002/static/css/style.css" "Mozilla/5.0 (Windows NT 10.0; Win64; x64) AppleWebKit/537.36 (KHTML, like Gecko) Chrome/63.0.3239.132 Safari/537.36"
0:0:0:0:0:0:0:1 - - [07/Jan/2018:13:50:28 +0800] "GET /static/img/button_back_dark.gif HTTP/1.1" 200 1202 "https://localhost:9002/static/css/home/index.css" "Mozilla/5.0 (Windows NT 10.0; Win64; x64) AppleWebKit/537.36 (KHTML, like Gecko) Chrome/63.0.3239.132 Safari/537.36"
0:0:0:0:0:0:0:1 - - [07/Jan/2018:13:50:28 +0800] "GET /static/img/favicon.png HTTP/1.1" 200 1191 "https://localhost:9002/" "Mozilla/5.0 (Windows NT 10.0; Win64; x64) AppleWebKit/537.36 (KHTML, like Gecko) Chrome/63.0.3239.132 Safari/537.36"
0:0:0:0:0:0:0:1 - - [07/Jan/2018:13:50:28 +0800] "GET /static/img/favicon.png HTTP/1.1" 200 1191 "https://localhost:9002/" "Mozilla/5.0 (Windows NT 10.0; Win64; x64) AppleWebKit/537.36 (KHTML, like Gecko) Chrome/63.0.3239.132 Safari/537.36"
0:0:0:0:0:0:0:1 - - [07/Jan/2018:13:50:29 +0800] "GET /poll?chartId=osChart&timePeriod=300000&utcOffset=-28800000&_=1515304228877 HTTP/1.1" 200 136 "https://localhost:9002/" "Mozilla/5.0 (Windows NT 10.0; Win64; x64) AppleWebKit/537.36 (KHTML, like Gecko) Chrome/63.0.3239.132 Safari/537.36"
0:0:0:0:0:0:0:1 - - [07/Jan/2018:13:50:29 +0800] "GET /poll?chartId=sessionsChart&timePeriod=300000&utcOffset=-28800000&_=1515304228877 HTTP/1.1" 200 142 "https://localhost:9002/" "Mozilla/5.0 (Windows NT 10.0; Win64; x64) AppleWebKit/537.36 (KHTML, like Gecko) Chrome/63.0.3239.132 Safari/537.36"
0:0:0:0:0:0:0:1 - - [07/Jan/2018:13:50:29 +0800] "GET /static/css/custom-theme/images/ui-icons_888888_256x240.png HTTP/1.1" 200 4369 "https://localhost:9002/static/css/custom-theme/jquery-ui-1.8.12.custom.css" "Mozilla/5.0 (Windows NT 10.0; Win64; x64) AppleWebKit/537.36 (KHTML, like Gecko) Chrome/63.0.3239.132 Safari/537.36"
0:0:0:0:0:0:0:1 - - [07/Jan/2018:13:50:29 +0800] "GET /poll?chartId=threadsChart&timePeriod=300000&utcOffset=-28800000&_=1515304228877 HTTP/1.1" 200 1237 "https://localhost:9002/" "Mozilla/5.0 (Windows NT 10.0; Win64; x64) AppleWebKit/537.36 (KHTML, like Gecko) Chrome/63.0.3239.132 Safari/537.36"
0:0:0:0:0:0:0:1 - - [07/Jan/2018:13:50:29 +0800] "GET /poll?chartId=memoryChart&timePeriod=300000&utcOffset=-28800000&_=1515304228876 HTTP/1.1" 200 3950 "https://localhost:9002/" "Mozilla/5.0 (Windows NT 10.0; Win64; x64) AppleWebKit/537.36 (KHTML, like Gecko) Chrome/63.0.3239.132 Safari/537.36"
0:0:0:0:0:0:0:1 - - [07/Jan/2018:14:29:12 +0800] "GET /login.jsp HTTP/1.1" 200 2154 "-" "Mozilla/5.0 (Windows NT 10.0; Win64; x64) AppleWebKit/537.36 (KHTML, like Gecko) Chrome/63.0.3239.132 Safari/537.36"
0:0:0:0:0:0:0:1 - - [07/Jan/2018:14:29:12 +0800] "GET /static/css/blueprint.css;jsessionid=66BFADF4AE39815F41613DC625277F37 HTTP/1.1" 200 12214 "https://localhost:9002/login.jsp" "Mozilla/5.0 (Windows NT 10.0; Win64; x64) AppleWebKit/537.36 (KHTML, like Gecko) Chrome/63.0.3239.132 Safari/537.36"
0:0:0:0:0:0:0:1 - - [07/Jan/2018:14:29:12 +0800] "GET /static/css/plugins/buttons/screen.css;jsessionid=66BFADF4AE39815F41613DC625277F37 HTTP/1.1" 200 2004 "https://localhost:9002/login.jsp" "Mozilla/5.0 (Windows NT 10.0; Win64; x64) AppleWebKit/537.36 (KHTML, like Gecko) Chrome/63.0.3239.132 Safari/537.36"
0:0:0:0:0:0:0:1 - - [07/Jan/2018:14:29:12 +0800] "GET /static/css/style.css;jsessionid=66BFADF4AE39815F41613DC625277F37 HTTP/1.1" 200 23829 "https://localhost:9002/login.jsp" "Mozilla/5.0 (Windows NT 10.0; Win64; x64) AppleWebKit/537.36 (KHTML, like Gecko) Chrome/63.0.3239.132 Safari/537.36"
0:0:0:0:0:0:0:1 - - [07/Jan/2018:14:29:12 +0800] "GET /static/css/plugins/fancy-type/screen.css;jsessionid=66BFADF4AE39815F41613DC625277F37 HTTP/1.1" 200 2351 "https://localhost:9002/login.jsp" "Mozilla/5.0 (Windows NT 10.0; Win64; x64) AppleWebKit/537.36 (KHTML, like Gecko) Chrome/63.0.3239.132 Safari/537.36"
0:0:0:0:0:0:0:1 - - [07/Jan/2018:14:29:12 +0800] "GET /static/js/jquery/jquery-1.6.2.min.js;jsessionid=66BFADF4AE39815F41613DC625277F37 HTTP/1.1" 200 91556 "https://localhost:9002/login.jsp" "Mozilla/5.0 (Windows NT 10.0; Win64; x64) AppleWebKit/537.36 (KHTML, like Gecko) Chrome/63.0.3239.132 Safari/537.36"
0:0:0:0:0:0:0:1 - - [07/Jan/2018:14:29:12 +0800] "GET /static/img/login-hac.png HTTP/1.1" 200 15179 "https://localhost:9002/static/css/style.css;jsessionid=66BFADF4AE39815F41613DC625277F37" "Mozilla/5.0 (Windows NT 10.0; Win64; x64) AppleWebKit/537.36 (KHTML, like Gecko) Chrome/63.0.3239.132 Safari/537.36"
0:0:0:0:0:0:0:1 - - [07/Jan/2018:14:29:12 +0800] "GET /static/fonts/roboto-fontfacekit/Roboto-Light-webfont.woff HTTP/1.1" 200 21880 "https://localhost:9002/static/css/style.css;jsessionid=66BFADF4AE39815F41613DC625277F37" "Mozilla/5.0 (Windows NT 10.0; Win64; x64) AppleWebKit/537.36 (KHTML, like Gecko) Chrome/63.0.3239.132 Safari/537.36"
0:0:0:0:0:0:0:1 - - [07/Jan/2018:14:29:12 +0800] "GET /static/fonts/roboto-fontfacekit/Roboto-Regular-webfont.woff HTTP/1.1" 200 21764 "https://localhost:9002/static/css/style.css;jsessionid=66BFADF4AE39815F41613DC625277F37" "Mozilla/5.0 (Windows NT 10.0; Win64; x64) AppleWebKit/537.36 (KHTML, like Gecko) Chrome/63.0.3239.132 Safari/537.36"
0:0:0:0:0:0:0:1 - - [07/Jan/2018:14:29:12 +0800] "GET /static/img/favicon.png;jsessionid=66BFADF4AE39815F41613DC625277F37 HTTP/1.1" 200 1191 "https://localhost:9002/login.jsp" "Mozilla/5.0 (Windows NT 10.0; Win64; x64) AppleWebKit/537.36 (KHTML, like Gecko) Chrome/63.0.3239.132 Safari/537.36"
0:0:0:0:0:0:0:1 - - [07/Jan/2018:14:29:12 +0800] "GET /static/img/favicon.png;jsessionid=66BFADF4AE39815F41613DC625277F37 HTTP/1.1" 200 1191 "https://localhost:9002/login.jsp" "Mozilla/5.0 (Windows NT 10.0; Win64; x64) AppleWebKit/537.36 (KHTML, like Gecko) Chrome/63.0.3239.132 Safari/537.36"
0:0:0:0:0:0:0:1 - - [07/Jan/2018:14:29:16 +0800] "POST /j_spring_security_check;jsessionid=66BFADF4AE39815F41613DC625277F37 HTTP/1.1" 302 - "https://localhost:9002/login.jsp" "Mozilla/5.0 (Windows NT 10.0; Win64; x64) AppleWebKit/537.36 (KHTML, like Gecko) Chrome/63.0.3239.132 Safari/537.36"
0:0:0:0:0:0:0:1 - - [07/Jan/2018:14:29:16 +0800] "GET / HTTP/1.1" 200 11709 "https://localhost:9002/login.jsp" "Mozilla/5.0 (Windows NT 10.0; Win64; x64) AppleWebKit/537.36 (KHTML, like Gecko) Chrome/63.0.3239.132 Safari/537.36"
0:0:0:0:0:0:0:1 - - [07/Jan/2018:14:29:16 +0800] "GET /static/css/blueprint.css HTTP/1.1" 200 12214 "https://localhost:9002/" "Mozilla/5.0 (Windows NT 10.0; Win64; x64) AppleWebKit/537.36 (KHTML, like Gecko) Chrome/63.0.3239.132 Safari/537.36"
0:0:0:0:0:0:0:1 - - [07/Jan/2018:14:29:16 +0800] "GET /static/css/plugins/fancy-type/screen.css HTTP/1.1" 200 2351 "https://localhost:9002/" "Mozilla/5.0 (Windows NT 10.0; Win64; x64) AppleWebKit/537.36 (KHTML, like Gecko) Chrome/63.0.3239.132 Safari/537.36"
0:0:0:0:0:0:0:1 - - [07/Jan/2018:14:29:16 +0800] "GET /static/css/plugins/buttons/screen.css HTTP/1.1" 200 2004 "https://localhost:9002/" "Mozilla/5.0 (Windows NT 10.0; Win64; x64) AppleWebKit/537.36 (KHTML, like Gecko) Chrome/63.0.3239.132 Safari/537.36"
0:0:0:0:0:0:0:1 - - [07/Jan/2018:14:29:16 +0800] "GET /static/css/custom-theme/jquery-ui-1.8.12.custom.css HTTP/1.1" 200 34390 "https://localhost:9002/" "Mozilla/5.0 (Windows NT 10.0; Win64; x64) AppleWebKit/537.36 (KHTML, like Gecko) Chrome/63.0.3239.132 Safari/537.36"
0:0:0:0:0:0:0:1 - - [07/Jan/2018:14:29:16 +0800] "GET /static/css/style.css HTTP/1.1" 200 23829 "https://localhost:9002/" "Mozilla/5.0 (Windows NT 10.0; Win64; x64) AppleWebKit/537.36 (KHTML, like Gecko) Chrome/63.0.3239.132 Safari/537.36"
0:0:0:0:0:0:0:1 - - [07/Jan/2018:14:29:16 +0800] "GET /static/css/table.css HTTP/1.1" 200 9823 "https://localhost:9002/" "Mozilla/5.0 (Windows NT 10.0; Win64; x64) AppleWebKit/537.36 (KHTML, like Gecko) Chrome/63.0.3239.132 Safari/537.36"
0:0:0:0:0:0:0:1 - - [07/Jan/2018:14:29:16 +0800] "GET /static/css/home/index.css HTTP/1.1" 200 1619 "https://localhost:9002/" "Mozilla/5.0 (Windows NT 10.0; Win64; x64) AppleWebKit/537.36 (KHTML, like Gecko) Chrome/63.0.3239.132 Safari/537.36"
0:0:0:0:0:0:0:1 - - [07/Jan/2018:14:29:16 +0800] "GET /static/js/modernizr.custom.19066.js HTTP/1.1" 200 13745 "https://localhost:9002/" "Mozilla/5.0 (Windows NT 10.0; Win64; x64) AppleWebKit/537.36 (KHTML, like Gecko) Chrome/63.0.3239.132 Safari/537.36"
0:0:0:0:0:0:0:1 - - [07/Jan/2018:14:29:16 +0800] "GET /static/js/ba-debug.min.js HTTP/1.1" 200 1202 "https://localhost:9002/" "Mozilla/5.0 (Windows NT 10.0; Win64; x64) AppleWebKit/537.36 (KHTML, like Gecko) Chrome/63.0.3239.132 Safari/537.36"
0:0:0:0:0:0:0:1 - - [07/Jan/2018:14:29:16 +0800] "GET /static/js/jquery.validate.min.js HTTP/1.1" 200 21078 "https://localhost:9002/" "Mozilla/5.0 (Windows NT 10.0; Win64; x64) AppleWebKit/537.36 (KHTML, like Gecko) Chrome/63.0.3239.132 Safari/537.36"
0:0:0:0:0:0:0:1 - - [07/Jan/2018:14:29:16 +0800] "GET /static/js/jquery-ui-1.8.12.custom.min.js HTTP/1.1" 200 208528 "https://localhost:9002/" "Mozilla/5.0 (Windows NT 10.0; Win64; x64) AppleWebKit/537.36 (KHTML, like Gecko) Chrome/63.0.3239.132 Safari/537.36"
0:0:0:0:0:0:0:1 - - [07/Jan/2018:14:29:16 +0800] "GET /static/js/global.js HTTP/1.1" 200 5461 "https://localhost:9002/" "Mozilla/5.0 (Windows NT 10.0; Win64; x64) AppleWebKit/537.36 (KHTML, like Gecko) Chrome/63.0.3239.132 Safari/537.36"
0:0:0:0:0:0:0:1 - - [07/Jan/2018:14:29:16 +0800] "GET /static/js/searchsuggest.js HTTP/1.1" 200 5419 "https://localhost:9002/" "Mozilla/5.0 (Windows NT 10.0; Win64; x64) AppleWebKit/537.36 (KHTML, like Gecko) Chrome/63.0.3239.132 Safari/537.36"
0:0:0:0:0:0:0:1 - - [07/Jan/2018:14:29:16 +0800] "GET /static/js/application.js HTTP/1.1" 200 3841 "https://localhost:9002/" "Mozilla/5.0 (Windows NT 10.0; Win64; x64) AppleWebKit/537.36 (KHTML, like Gecko) Chrome/63.0.3239.132 Safari/537.36"
0:0:0:0:0:0:0:1 - - [07/Jan/2018:14:29:16 +0800] "GET /static/js/jquery/jquery-1.6.2.min.js HTTP/1.1" 200 91556 "https://localhost:9002/" "Mozilla/5.0 (Windows NT 10.0; Win64; x64) AppleWebKit/537.36 (KHTML, like Gecko) Chrome/63.0.3239.132 Safari/537.36"
0:0:0:0:0:0:0:1 - - [07/Jan/2018:14:29:16 +0800] "GET /static/js/jquery.cookie.js HTTP/1.1" 200 3713 "https://localhost:9002/" "Mozilla/5.0 (Windows NT 10.0; Win64; x64) AppleWebKit/537.36 (KHTML, like Gecko) Chrome/63.0.3239.132 Safari/537.36"
0:0:0:0:0:0:0:1 - - [07/Jan/2018:14:29:16 +0800] "GET /static/js/history.js HTTP/1.1" 200 2368 "https://localhost:9002/" "Mozilla/5.0 (Windows NT 10.0; Win64; x64) AppleWebKit/537.36 (KHTML, like Gecko) Chrome/63.0.3239.132 Safari/537.36"
0:0:0:0:0:0:0:1 - - [07/Jan/2018:14:29:16 +0800] "GET /static/js/home/chart.js HTTP/1.1" 200 4464 "https://localhost:9002/" "Mozilla/5.0 (Windows NT 10.0; Win64; x64) AppleWebKit/537.36 (KHTML, like Gecko) Chrome/63.0.3239.132 Safari/537.36"
0:0:0:0:0:0:0:1 - - [07/Jan/2018:14:29:16 +0800] "GET /static/js/jquery.flot.js HTTP/1.1" 200 110008 "https://localhost:9002/" "Mozilla/5.0 (Windows NT 10.0; Win64; x64) AppleWebKit/537.36 (KHTML, like Gecko) Chrome/63.0.3239.132 Safari/537.36"
0:0:0:0:0:0:0:1 - - [07/Jan/2018:14:29:16 +0800] "GET /static/js/jquery.dataTables.min.js HTTP/1.1" 200 66539 "https://localhost:9002/" "Mozilla/5.0 (Windows NT 10.0; Win64; x64) AppleWebKit/537.36 (KHTML, like Gecko) Chrome/63.0.3239.132 Safari/537.36"
0:0:0:0:0:0:0:1 - - [07/Jan/2018:14:29:16 +0800] "GET /static/js/jquery.flot.tooltip.js HTTP/1.1" 200 8356 "https://localhost:9002/" "Mozilla/5.0 (Windows NT 10.0; Win64; x64) AppleWebKit/537.36 (KHTML, like Gecko) Chrome/63.0.3239.132 Safari/537.36"
0:0:0:0:0:0:0:1 - - [07/Jan/2018:14:29:16 +0800] "GET /static/js/jquery.flot.time.js HTTP/1.1" 200 11428 "https://localhost:9002/" "Mozilla/5.0 (Windows NT 10.0; Win64; x64) AppleWebKit/537.36 (KHTML, like Gecko) Chrome/63.0.3239.132 Safari/537.36"
0:0:0:0:0:0:0:1 - - [07/Jan/2018:14:29:16 +0800] "GET /static/js/jquery.flot.selection.js HTTP/1.1" 200 12159 "https://localhost:9002/" "Mozilla/5.0 (Windows NT 10.0; Win64; x64) AppleWebKit/537.36 (KHTML, like Gecko) Chrome/63.0.3239.132 Safari/537.36"
0:0:0:0:0:0:0:1 - - [07/Jan/2018:14:29:16 +0800] "GET /static/js/home/index.js HTTP/1.1" 200 7969 "https://localhost:9002/" "Mozilla/5.0 (Windows NT 10.0; Win64; x64) AppleWebKit/537.36 (KHTML, like Gecko) Chrome/63.0.3239.132 Safari/537.36"
0:0:0:0:0:0:0:1 - - [07/Jan/2018:14:29:16 +0800] "GET /static/img/logo.png HTTP/1.1" 200 6718 "https://localhost:9002/" "Mozilla/5.0 (Windows NT 10.0; Win64; x64) AppleWebKit/537.36 (KHTML, like Gecko) Chrome/63.0.3239.132 Safari/537.36"
0:0:0:0:0:0:0:1 - - [07/Jan/2018:14:29:16 +0800] "GET /static/img/button_back.gif HTTP/1.1" 200 209 "https://localhost:9002/static/css/style.css" "Mozilla/5.0 (Windows NT 10.0; Win64; x64) AppleWebKit/537.36 (KHTML, like Gecko) Chrome/63.0.3239.132 Safari/537.36"
0:0:0:0:0:0:0:1 - - [07/Jan/2018:14:29:16 +0800] "GET /static/img/button_back_dark.gif HTTP/1.1" 200 1202 "https://localhost:9002/static/css/home/index.css" "Mozilla/5.0 (Windows NT 10.0; Win64; x64) AppleWebKit/537.36 (KHTML, like Gecko) Chrome/63.0.3239.132 Safari/537.36"
0:0:0:0:0:0:0:1 - - [07/Jan/2018:14:29:16 +0800] "GET /static/img/bodyBG.gif HTTP/1.1" 200 1769 "https://localhost:9002/static/css/style.css" "Mozilla/5.0 (Windows NT 10.0; Win64; x64) AppleWebKit/537.36 (KHTML, like Gecko) Chrome/63.0.3239.132 Safari/537.36"
0:0:0:0:0:0:0:1 - - [07/Jan/2018:14:29:16 +0800] "GET /static/img/magnifier.png HTTP/1.1" 200 1413 "https://localhost:9002/static/css/style.css" "Mozilla/5.0 (Windows NT 10.0; Win64; x64) AppleWebKit/537.36 (KHTML, like Gecko) Chrome/63.0.3239.132 Safari/537.36"
0:0:0:0:0:0:0:1 - - [07/Jan/2018:14:29:17 +0800] "GET /static/img/favicon.png HTTP/1.1" 200 1191 "https://localhost:9002/" "Mozilla/5.0 (Windows NT 10.0; Win64; x64) AppleWebKit/537.36 (KHTML, like Gecko) Chrome/63.0.3239.132 Safari/537.36"
0:0:0:0:0:0:0:1 - - [07/Jan/2018:14:29:17 +0800] "GET /poll?chartId=sessionsChart&timePeriod=300000&utcOffset=-28800000&_=1515306557026 HTTP/1.1" 200 143 "https://localhost:9002/" "Mozilla/5.0 (Windows NT 10.0; Win64; x64) AppleWebKit/537.36 (KHTML, like Gecko) Chrome/63.0.3239.132 Safari/537.36"
0:0:0:0:0:0:0:1 - - [07/Jan/2018:14:29:17 +0800] "GET /poll?chartId=osChart&timePeriod=300000&utcOffset=-28800000&_=1515306557026 HTTP/1.1" 200 137 "https://localhost:9002/" "Mozilla/5.0 (Windows NT 10.0; Win64; x64) AppleWebKit/537.36 (KHTML, like Gecko) Chrome/63.0.3239.132 Safari/537.36"
0:0:0:0:0:0:0:1 - - [07/Jan/2018:14:29:17 +0800] "GET /poll?chartId=memoryChart&timePeriod=300000&utcOffset=-28800000&_=1515306557025 HTTP/1.1" 200 3859 "https://localhost:9002/" "Mozilla/5.0 (Windows NT 10.0; Win64; x64) AppleWebKit/537.36 (KHTML, like Gecko) Chrome/63.0.3239.132 Safari/537.36"
0:0:0:0:0:0:0:1 - - [07/Jan/2018:14:29:17 +0800] "GET /poll?chartId=threadsChart&timePeriod=300000&utcOffset=-28800000&_=1515306557026 HTTP/1.1" 200 1238 "https://localhost:9002/" "Mozilla/5.0 (Windows NT 10.0; Win64; x64) AppleWebKit/537.36 (KHTML, like Gecko) Chrome/63.0.3239.132 Safari/537.36"
0:0:0:0:0:0:0:1 - - [07/Jan/2018:14:29:17 +0800] "GET /static/img/favicon.png HTTP/1.1" 200 1191 "https://localhost:9002/" "Mozilla/5.0 (Windows NT 10.0; Win64; x64) AppleWebKit/537.36 (KHTML, like Gecko) Chrome/63.0.3239.132 Safari/537.36"
0:0:0:0:0:0:0:1 - - [07/Jan/2018:14:29:17 +0800] "GET /static/css/custom-theme/images/ui-icons_888888_256x240.png HTTP/1.1" 200 4369 "https://localhost:9002/static/css/custom-theme/jquery-ui-1.8.12.custom.css" "Mozilla/5.0 (Windows NT 10.0; Win64; x64) AppleWebKit/537.36 (KHTML, like Gecko) Chrome/63.0.3239.132 Safari/537.36"
